# JRE version: Java(TM) SE Runtime Environment (8.0_301-b09) (build 1.8.0_301-b09)
# Java VM: Java HotSpot(TM) 64-Bit Server VM (25.301-b09 mixed mode bsd-amd64 compressed oops)
Heap:
 PSYoungGen      total 97792K, used 1780K [0x0000000795580000, 0x000000079d280000, 0x00000007c0000000)
  eden space 70656K, 1% used [0x0000000795580000,0x00000007956d52d8,0x0000000799a80000)
  from space 27136K, 1% used [0x000000079b800000,0x000000079b868000,0x000000079d280000)
  to   space 28672K, 0% used [0x0000000799a80000,0x0000000799a80000,0x000000079b680000)
 ParOldGen       total 131072K, used 41922K [0x0000000740000000, 0x0000000748000000, 0x0000000795580000)
  object space 131072K, 31% used [0x0000000740000000,0x00000007428f0a30,0x0000000748000000)
 Metaspace       used 33132K, capacity 35660K, committed 35712K, reserved 1079296K
  class space    used 4526K, capacity 4941K, committed 4992K, reserved 1048576K
GC Heap History (10 events):
Event: 316.157 GC heap before
{Heap before GC invocations=8 (full 1):
 PSYoungGen      total 79360K, used 79338K [0x0000000795580000, 0x000000079ba80000, 0x00000007c0000000)
  eden space 63488K, 100% used [0x0000000795580000,0x0000000799380000,0x0000000799380000)
  from space 15872K, 99% used [0x000000079a580000,0x000000079b4faa68,0x000000079b500000)
  to   space 18432K, 0% used [0x0000000799380000,0x0000000799380000,0x000000079a580000)
 ParOldGen       total 68096K, used 24440K [0x0000000740000000, 0x0000000744280000, 0x0000000795580000)
  object space 68096K, 35% used [0x0000000740000000,0x00000007417de110,0x0000000744280000)
 Metaspace       used 32772K, capacity 35244K, committed 35456K, reserved 1079296K
  class space    used 4521K, capacity 4937K, committed 4992K, reserved 1048576K
Event: 316.186 GC heap after
Heap after GC invocations=8 (full 1):
 PSYoungGen      total 80384K, used 18405K [0x0000000795580000, 0x000000079c400000, 0x00000007c0000000)
  eden space 61952K, 0% used [0x0000000795580000,0x0000000795580000,0x0000000799200000)
  from space 18432K, 99% used [0x0000000799380000,0x000000079a579750,0x000000079a580000)
  to   space 25600K, 0% used [0x000000079ab00000,0x000000079ab00000,0x000000079c400000)
 ParOldGen       total 68096K, used 32168K [0x0000000740000000, 0x0000000744280000, 0x0000000795580000)
  object space 68096K, 47% used [0x0000000740000000,0x0000000741f6a340,0x0000000744280000)
 Metaspace       used 32772K, capacity 35244K, committed 35456K, reserved 1079296K
  class space    used 4521K, capacity 4937K, committed 4992K, reserved 1048576K
}
Event: 553.327 GC heap before
{Heap before GC invocations=9 (full 1):
 PSYoungGen      total 80384K, used 51728K [0x0000000795580000, 0x000000079c400000, 0x00000007c0000000)
  eden space 61952K, 53% used [0x0000000795580000,0x000000079760a9a8,0x0000000799200000)
  from space 18432K, 99% used [0x0000000799380000,0x000000079a579750,0x000000079a580000)
  to   space 25600K, 0% used [0x000000079ab00000,0x000000079ab00000,0x000000079c400000)
 ParOldGen       total 68096K, used 32168K [0x0000000740000000, 0x0000000744280000, 0x0000000795580000)
  object space 68096K, 47% used [0x0000000740000000,0x0000000741f6a340,0x0000000744280000)
 Metaspace       used 32867K, capacity 35372K, committed 35456K, reserved 1079296K
  class space    used 4524K, capacity 4937K, committed 4992K, reserved 1048576K
Event: 553.350 GC heap after
Heap after GC invocations=9 (full 1):
 PSYoungGen      total 86016K, used 20125K [0x0000000795580000, 0x000000079c580000, 0x00000007c0000000)
  eden space 60416K, 0% used [0x0000000795580000,0x0000000795580000,0x0000000799080000)
  from space 25600K, 78% used [0x000000079ab00000,0x000000079bea7760,0x000000079c400000)
  to   space 27136K, 0% used [0x0000000799080000,0x0000000799080000,0x000000079ab00000)
 ParOldGen       total 68096K, used 33823K [0x0000000740000000, 0x0000000744280000, 0x0000000795580000)
  object space 68096K, 49% used [0x0000000740000000,0x0000000742107db8,0x0000000744280000)
 Metaspace       used 32867K, capacity 35372K, committed 35456K, reserved 1079296K
  class space    used 4524K, capacity 4937K, committed 4992K, reserved 1048576K
}
Event: 553.350 GC heap before
{Heap before GC invocations=10 (full 2):
 PSYoungGen      total 86016K, used 20125K [0x0000000795580000, 0x000000079c580000, 0x00000007c0000000)
  eden space 60416K, 0% used [0x0000000795580000,0x0000000795580000,0x0000000799080000)
  from space 25600K, 78% used [0x000000079ab00000,0x000000079bea7760,0x000000079c400000)
  to   space 27136K, 0% used [0x0000000799080000,0x0000000799080000,0x000000079ab00000)
 ParOldGen       total 68096K, used 33823K [0x0000000740000000, 0x0000000744280000, 0x0000000795580000)
  object space 68096K, 49% used [0x0000000740000000,0x0000000742107db8,0x0000000744280000)
 Metaspace       used 32867K, capacity 35372K, committed 35456K, reserved 1079296K
  class space    used 4524K, capacity 4937K, committed 4992K, reserved 1048576K
Event: 553.479 GC heap after
Heap after GC invocations=10 (full 2):
 PSYoungGen      total 86016K, used 0K [0x0000000795580000, 0x000000079c580000, 0x00000007c0000000)
  eden space 60416K, 0% used [0x0000000795580000,0x0000000795580000,0x0000000799080000)
  from space 25600K, 0% used [0x000000079ab00000,0x000000079ab00000,0x000000079c400000)
  to   space 27136K, 0% used [0x0000000799080000,0x0000000799080000,0x000000079ab00000)
 ParOldGen       total 131072K, used 41914K [0x0000000740000000, 0x0000000748000000, 0x0000000795580000)
  object space 131072K, 31% used [0x0000000740000000,0x00000007428eea30,0x0000000748000000)
 Metaspace       used 32867K, capacity 35372K, committed 35456K, reserved 1079296K
  class space    used 4524K, capacity 4937K, committed 4992K, reserved 1048576K
}
Event: 1030.809 GC heap before
{Heap before GC invocations=11 (full 2):
 PSYoungGen      total 86016K, used 60416K [0x0000000795580000, 0x000000079c580000, 0x00000007c0000000)
  eden space 60416K, 100% used [0x0000000795580000,0x0000000799080000,0x0000000799080000)
  from space 25600K, 0% used [0x000000079ab00000,0x000000079ab00000,0x000000079c400000)
  to   space 27136K, 0% used [0x0000000799080000,0x0000000799080000,0x000000079ab00000)
 ParOldGen       total 131072K, used 41914K [0x0000000740000000, 0x0000000748000000, 0x0000000795580000)
  object space 131072K, 31% used [0x0000000740000000,0x00000007428eea30,0x0000000748000000)
 Metaspace       used 33016K, capacity 35576K, committed 35712K, reserved 1079296K
  class space    used 4524K, capacity 4937K, committed 4992K, reserved 1048576K
Event: 1030.828 GC heap after
Heap after GC invocations=11 (full 2):
 PSYoungGen      total 87552K, used 352K [0x0000000795580000, 0x000000079d380000, 0x00000007c0000000)
  eden space 60416K, 0% used [0x0000000795580000,0x0000000795580000,0x0000000799080000)
  from space 27136K, 1% used [0x0000000799080000,0x00000007990d8000,0x000000079ab00000)
  to   space 28160K, 0% used [0x000000079b800000,0x000000079b800000,0x000000079d380000)
 ParOldGen       total 131072K, used 41922K [0x0000000740000000, 0x0000000748000000, 0x0000000795580000)
  object space 131072K, 31% used [0x0000000740000000,0x00000007428f0a30,0x0000000748000000)
 Metaspace       used 33016K, capacity 35576K, committed 35712K, reserved 1079296K
  class space    used 4524K, capacity 4937K, committed 4992K, reserved 1048576K
}
Event: 1439.702 GC heap before
{Heap before GC invocations=12 (full 2):
 PSYoungGen      total 87552K, used 60768K [0x0000000795580000, 0x000000079d380000, 0x00000007c0000000)
  eden space 60416K, 100% used [0x0000000795580000,0x0000000799080000,0x0000000799080000)
  from space 27136K, 1% used [0x0000000799080000,0x00000007990d8000,0x000000079ab00000)
  to   space 28160K, 0% used [0x000000079b800000,0x000000079b800000,0x000000079d380000)
 ParOldGen       total 131072K, used 41922K [0x0000000740000000, 0x0000000748000000, 0x0000000795580000)
  object space 131072K, 31% used [0x0000000740000000,0x00000007428f0a30,0x0000000748000000)
 Metaspace       used 33132K, capacity 35660K, committed 35712K, reserved 1079296K
  class space    used 4526K, capacity 4941K, committed 4992K, reserved 1048576K
Event: 1439.740 GC heap after
Heap after GC invocations=12 (full 2):
 PSYoungGen      total 97792K, used 416K [0x0000000795580000, 0x000000079d280000, 0x00000007c0000000)
  eden space 70656K, 0% used [0x0000000795580000,0x0000000795580000,0x0000000799a80000)
  from space 27136K, 1% used [0x000000079b800000,0x000000079b868000,0x000000079d280000)
  to   space 28672K, 0% used [0x0000000799a80000,0x0000000799a80000,0x000000079b680000)
 ParOldGen       total 131072K, used 41922K [0x0000000740000000, 0x0000000748000000, 0x0000000795580000)
  object space 131072K, 31% used [0x0000000740000000,0x00000007428f0a30,0x0000000748000000)
 Metaspace       used 33132K, capacity 35660K, committed 35712K, reserved 1079296K
  class space    used 4526K, capacity 4941K, committed 4992K, reserved 1048576K
}

